App/Activity1/app/build/outputs/logs/manifest-merger-debug-report.txt
-- Merging decision tree log ---
manifest
ADDED from src/main/AndroidManifest.xml:10:1-136:12
	package
		ADDED from src/main/AndroidManifest.xml:11:7-33
		INJECTED from src/main/AndroidManifest.xml
		INJECTED from src/main/AndroidManifest.xml
	android:versionName
		ADDED from src/main/AndroidManifest.xml:14:7-32
		INJECTED from src/main/AndroidManifest.xml
		INJECTED from src/main/AndroidManifest.xml
	xmlns:tools
		ADDED from src/main/AndroidManifest.xml:12:7-53
	android:versionCode
		ADDED from src/main/AndroidManifest.xml:13:7-30
		INJECTED from src/main/AndroidManifest.xml
		INJECTED from src/main/AndroidManifest.xml
	xmlns:android
		ADDED from src/main/AndroidManifest.xml:10:11-69
uses-sdk
ADDED from src/main/AndroidManifest.xml:16:5-132
MERGED from [com.google.android.gms:play-services-appindexing:8.1.0] AndroidManifest.xml:18:5-42
MERGED from [com.google.android.gms:play-services-basement:8.1.0] AndroidManifest.xml:18:5-42
MERGED from [com.android.support:support-v4:22.2.0] AndroidManifest.xml:20:5-43
	tools:overrideLibrary
		ADDED from src/main/AndroidManifest.xml:16:71-129
	android:targetSdkVersion
		ADDED from src/main/AndroidManifest.xml:16:41-70
		INJECTED from src/main/AndroidManifest.xml
		INJECTED from src/main/AndroidManifest.xml
	android:minSdkVersion
		ADDED from src/main/AndroidManifest.xml:16:15-40
		INJECTED from src/main/AndroidManifest.xml
		INJECTED from src/main/AndroidManifest.xml
application
ADDED from src/main/AndroidManifest.xml:17:5-135:19
MERGED from [com.google.android.gms:play-services-appindexing:8.1.0] AndroidManifest.xml:19:5-20
MERGED from [com.google.android.gms:play-services-basement:8.1.0] AndroidManifest.xml:20:5-24:19
MERGED from [com.android.support:support-v4:22.2.0] AndroidManifest.xml:22:5-20
	android:label
		ADDED from src/main/AndroidManifest.xml:18:11-43
	android:icon
		ADDED from src/main/AndroidManifest.xml:17:18-49
activity#org.mods.goGreen.Menus.Initial
ADDED from src/main/AndroidManifest.xml:19:9-26:20
	android:screenOrientation
		ADDED from src/main/AndroidManifest.xml:20:13-49
	android:label
		ADDED from src/main/AndroidManifest.xml:21:14-46
	android:name
		ADDED from src/main/AndroidManifest.xml:19:19-48
intent-filter#android.intent.action.MAIN+android.intent.category.LAUNCHER
ADDED from src/main/AndroidManifest.xml:22:13-25:29
action#android.intent.action.MAIN
ADDED from src/main/AndroidManifest.xml:23:17-69
	android:name
		ADDED from src/main/AndroidManifest.xml:23:25-66
category#android.intent.category.LAUNCHER
ADDED from src/main/AndroidManifest.xml:24:17-77
	android:name
		ADDED from src/main/AndroidManifest.xml:24:27-74
activity#org.mods.goGreen.Menus.Sudoku
ADDED from src/main/AndroidManifest.xml:27:9-29:49
	android:screenOrientation
		ADDED from src/main/AndroidManifest.xml:28:13-49
	android:label
		ADDED from src/main/AndroidManifest.xml:29:13-37
	android:name
		ADDED from src/main/AndroidManifest.xml:27:19-47
activity#org.mods.goGreen.Menus.Information
ADDED from src/main/AndroidManifest.xml:31:9-33:60
	android:screenOrientation
		ADDED from src/main/AndroidManifest.xml:32:13-49
	android:label
		ADDED from src/main/AndroidManifest.xml:33:13-48
	android:name
		ADDED from src/main/AndroidManifest.xml:31:19-52
activity#org.mods.goGreen.Constants.Prefs
ADDED from src/main/AndroidManifest.xml:35:9-37:20
	android:label
		ADDED from src/main/AndroidManifest.xml:36:15-53
	android:name
		ADDED from src/main/AndroidManifest.xml:35:19-50
activity#org.mods.goGreen.House.EnergyEfficient
ADDED from src/main/AndroidManifest.xml:38:9-40:58
	android:screenOrientation
		ADDED from src/main/AndroidManifest.xml:39:13-50
	android:label
		ADDED from src/main/AndroidManifest.xml:40:13-46
	android:name
		ADDED from src/main/AndroidManifest.xml:38:19-56
activity#org.mods.goGreen.HarryTheHeap.Trip
ADDED from src/main/AndroidManifest.xml:41:9-43:55
	android:screenOrientation
		ADDED from src/main/AndroidManifest.xml:42:13-49
	android:label
		ADDED from src/main/AndroidManifest.xml:43:13-43
	android:name
		ADDED from src/main/AndroidManifest.xml:41:19-52
activity#org.mods.goGreen.HarryTheHeap.TripLyrics
ADDED from src/main/AndroidManifest.xml:44:9-46:66
	android:screenOrientation
		ADDED from src/main/AndroidManifest.xml:45:13-49
	android:label
		ADDED from src/main/AndroidManifest.xml:46:13-54
	android:name
		ADDED from src/main/AndroidManifest.xml:44:19-58
activity#org.mods.goGreen.HarryTheHeap.TripMaterials
ADDED from src/main/AndroidManifest.xml:47:9-49:61
	android:screenOrientation
		ADDED from src/main/AndroidManifest.xml:48:13-49
	android:label
		ADDED from src/main/AndroidManifest.xml:49:13-49
	android:name
		ADDED from src/main/AndroidManifest.xml:47:19-61
activity#org.mods.goGreen.Climate.Recycling.Recycling
ADDED from src/main/AndroidManifest.xml:50:9-52:58
	android:screenOrientation
		ADDED from src/main/AndroidManifest.xml:51:13-49
	android:label
		ADDED from src/main/AndroidManifest.xml:52:13-46
	android:name
		ADDED from src/main/AndroidManifest.xml:50:19-62
activity#org.mods.goGreen.Climate.Tip
ADDED from src/main/AndroidManifest.xml:53:9-55:55
	android:screenOrientation
		ADDED from src/main/AndroidManifest.xml:54:13-49
	android:label
		ADDED from src/main/AndroidManifest.xml:55:13-43
	android:name
		ADDED from src/main/AndroidManifest.xml:53:19-46
activity#org.mods.goGreen.Climate.CliGreenhouse
ADDED from src/main/AndroidManifest.xml:56:9-58:55
	android:screenOrientation
		ADDED from src/main/AndroidManifest.xml:57:13-49
	android:label
		ADDED from src/main/AndroidManifest.xml:58:13-43
	android:name
		ADDED from src/main/AndroidManifest.xml:56:19-56
activity#org.mods.goGreen.Climate.CliWeather
ADDED from src/main/AndroidManifest.xml:59:9-61:55
	android:screenOrientation
		ADDED from src/main/AndroidManifest.xml:60:13-49
	android:label
		ADDED from src/main/AndroidManifest.xml:61:13-43
	android:name
		ADDED from src/main/AndroidManifest.xml:59:19-53
activity#org.mods.goGreen.Climate.CliWater
ADDED from src/main/AndroidManifest.xml:62:9-64:55
	android:screenOrientation
		ADDED from src/main/AndroidManifest.xml:63:13-49
	android:label
		ADDED from src/main/AndroidManifest.xml:64:13-43
	android:name
		ADDED from src/main/AndroidManifest.xml:62:19-51
activity#org.mods.goGreen.Climate.Waste
ADDED from src/main/AndroidManifest.xml:65:9-67:50
	android:screenOrientation
		ADDED from src/main/AndroidManifest.xml:66:13-50
	android:label
		ADDED from src/main/AndroidManifest.xml:67:13-38
	android:name
		ADDED from src/main/AndroidManifest.xml:65:19-48
activity#org.mods.goGreen.Climate.Climate2
ADDED from src/main/AndroidManifest.xml:68:9-70:50
	android:screenOrientation
		ADDED from src/main/AndroidManifest.xml:69:13-50
	android:label
		ADDED from src/main/AndroidManifest.xml:70:13-38
	android:name
		ADDED from src/main/AndroidManifest.xml:68:19-51
activity#org.mods.goGreen.House.HouseGarage
ADDED from src/main/AndroidManifest.xml:71:9-73:47
	android:screenOrientation
		ADDED from src/main/AndroidManifest.xml:72:13-50
	android:label
		ADDED from src/main/AndroidManifest.xml:73:13-35
	android:name
		ADDED from src/main/AndroidManifest.xml:71:19-52
activity#org.mods.goGreen.House.InGarage
ADDED from src/main/AndroidManifest.xml:74:9-77:68
	android:screenOrientation
		ADDED from src/main/AndroidManifest.xml:75:13-50
	android:label
		ADDED from src/main/AndroidManifest.xml:76:13-32
	android:theme
		ADDED from src/main/AndroidManifest.xml:77:13-56
	android:name
		ADDED from src/main/AndroidManifest.xml:74:19-49
activity#org.mods.goGreen.House.HouseKitchen
ADDED from src/main/AndroidManifest.xml:78:9-80:48
	android:screenOrientation
		ADDED from src/main/AndroidManifest.xml:79:13-50
	android:label
		ADDED from src/main/AndroidManifest.xml:80:13-36
	android:name
		ADDED from src/main/AndroidManifest.xml:78:19-53
activity#org.mods.goGreen.House.HouseBedroom
ADDED from src/main/AndroidManifest.xml:81:9-83:52
	android:screenOrientation
		ADDED from src/main/AndroidManifest.xml:82:13-50
	android:label
		ADDED from src/main/AndroidManifest.xml:83:13-40
	android:name
		ADDED from src/main/AndroidManifest.xml:81:19-53
activity#org.mods.goGreen.House.HouseBathroom
ADDED from src/main/AndroidManifest.xml:84:9-86:49
	android:screenOrientation
		ADDED from src/main/AndroidManifest.xml:85:13-50
	android:label
		ADDED from src/main/AndroidManifest.xml:86:13-37
	android:name
		ADDED from src/main/AndroidManifest.xml:84:19-54
activity#org.mods.goGreen.House.EngeryEfficent0
ADDED from src/main/AndroidManifest.xml:87:9-89:63
	android:screenOrientation
		ADDED from src/main/AndroidManifest.xml:88:13-50
	android:label
		ADDED from src/main/AndroidManifest.xml:89:13-51
	android:name
		ADDED from src/main/AndroidManifest.xml:87:19-56
activity#org.mods.goGreen.Quiz.MyQuiz
ADDED from src/main/AndroidManifest.xml:90:9-92:51
	android:screenOrientation
		ADDED from src/main/AndroidManifest.xml:91:13-49
	android:label
		ADDED from src/main/AndroidManifest.xml:92:13-39
	android:name
		ADDED from src/main/AndroidManifest.xml:90:19-46
activity#org.mods.goGreen.Quiz.QuizEasy
ADDED from src/main/AndroidManifest.xml:93:9-94:51
	android:label
		ADDED from src/main/AndroidManifest.xml:94:13-39
	android:name
		ADDED from src/main/AndroidManifest.xml:93:19-48
activity#org.mods.goGreen.Menus.Credits
ADDED from src/main/AndroidManifest.xml:95:9-97:48
	android:screenOrientation
		ADDED from src/main/AndroidManifest.xml:96:13-49
	android:label
		ADDED from src/main/AndroidManifest.xml:97:13-36
	android:name
		ADDED from src/main/AndroidManifest.xml:95:19-48
activity#org.mods.goGreen.Climate.Recycling.RecyclingMore
ADDED from src/main/AndroidManifest.xml:98:9-100:65
	android:screenOrientation
		ADDED from src/main/AndroidManifest.xml:99:13-49
	android:label
		ADDED from src/main/AndroidManifest.xml:100:13-53
	android:name
		ADDED from src/main/AndroidManifest.xml:98:19-66
activity#org.mods.goGreen.Climate.Recycling.RecCardboard
ADDED from src/main/AndroidManifest.xml:101:9-103:79
	android:screenOrientation
		ADDED from src/main/AndroidManifest.xml:102:13-49
	android:label
		ADDED from src/main/AndroidManifest.xml:103:13-31
	android:name
		ADDED from src/main/AndroidManifest.xml:101:19-65
activity#org.mods.goGreen.Climate.Recycling.RecPhone
ADDED from src/main/AndroidManifest.xml:104:9-106:80
	android:screenOrientation
		ADDED from src/main/AndroidManifest.xml:105:13-49
	android:label
		ADDED from src/main/AndroidManifest.xml:106:13-31
	android:name
		ADDED from src/main/AndroidManifest.xml:104:19-61
activity#org.mods.goGreen.Climate.Recycling.RecCan
ADDED from src/main/AndroidManifest.xml:107:9-109:74
	android:screenOrientation
		ADDED from src/main/AndroidManifest.xml:108:13-49
	android:label
		ADDED from src/main/AndroidManifest.xml:109:13-31
	android:name
		ADDED from src/main/AndroidManifest.xml:107:19-59
activity#org.mods.goGreen.Climate.Recycling.RecPaper
ADDED from src/main/AndroidManifest.xml:110:9-112:75
	android:screenOrientation
		ADDED from src/main/AndroidManifest.xml:111:13-49
	android:label
		ADDED from src/main/AndroidManifest.xml:112:13-31
	android:name
		ADDED from src/main/AndroidManifest.xml:110:19-61
activity#org.mods.goGreen.Climate.Recycling.RecSocks
ADDED from src/main/AndroidManifest.xml:113:9-115:77
	android:screenOrientation
		ADDED from src/main/AndroidManifest.xml:114:13-49
	android:label
		ADDED from src/main/AndroidManifest.xml:115:13-31
	android:name
		ADDED from src/main/AndroidManifest.xml:113:19-61
activity#org.mods.goGreen.Quiz.QuizAnswers
ADDED from src/main/AndroidManifest.xml:116:9-117:53
	android:label
		ADDED from src/main/AndroidManifest.xml:117:13-41
	android:name
		ADDED from src/main/AndroidManifest.xml:116:19-51
activity#org.mods.goGreen.Hangman.Hangman
ADDED from src/main/AndroidManifest.xml:118:9-120:48
	android:screenOrientation
		ADDED from src/main/AndroidManifest.xml:119:13-49
	android:label
		ADDED from src/main/AndroidManifest.xml:120:13-36
	android:name
		ADDED from src/main/AndroidManifest.xml:118:19-50
activity#org.mods.goGreen.Hangman.HangmanPlay
ADDED from src/main/AndroidManifest.xml:121:9-123:48
	android:screenOrientation
		ADDED from src/main/AndroidManifest.xml:122:13-49
	android:label
		ADDED from src/main/AndroidManifest.xml:123:13-36
	android:name
		ADDED from src/main/AndroidManifest.xml:121:19-54
activity#org.mods.goGreen.Climate.Decay
ADDED from src/main/AndroidManifest.xml:124:8-126:46
	android:screenOrientation
		ADDED from src/main/AndroidManifest.xml:125:13-49
	android:label
		ADDED from src/main/AndroidManifest.xml:126:13-34
	android:name
		ADDED from src/main/AndroidManifest.xml:124:18-47
activity#org.mods.goGreen.Climate.ClimateMap
ADDED from src/main/AndroidManifest.xml:127:9-129:61
	android:screenOrientation
		ADDED from src/main/AndroidManifest.xml:128:13-50
	android:label
		ADDED from src/main/AndroidManifest.xml:129:13-59
	android:name
		ADDED from src/main/AndroidManifest.xml:127:19-53
meta-data#com.google.android.gms.version
ADDED from src/main/AndroidManifest.xml:132:9-134:69
MERGED from [com.google.android.gms:play-services-basement:8.1.0] AndroidManifest.xml:21:9-23:69
	android:value
		ADDED from src/main/AndroidManifest.xml:134:13-66
	android:name
		ADDED from src/main/AndroidManifest.xml:133:13-58